<component name="libraryTable">
  <library name="junit-jupiter-api-5.3.0">
    <CLASSES>
      <root url="jar://$PROJECT_DIR$/../../java/external library/junit-jupiter/junit-jupiter-api-5.3.0.jar!/" />
      <root url="jar://$PROJECT_DIR$/../../java/external library/junit-jupiter/junit-platform-commons-1.3.0.jar!/" />
      <root url="jar://$PROJECT_DIR$/../../java/external library/junit-jupiter/junit-platform-launcher-1.3.0.jar!/" />
      <root url="jar://$PROJECT_DIR$/../../java/external library/logback/logback-classic-1.2.3.jar!/" />
      <root url="jar://$PROJECT_DIR$/../../java/external library/logback/logback-core-1.2.3.jar!/" />
      <root url="jar://$PROJECT_DIR$/../../java/external library/logback/slf4j-api-1.7.25.jar!/" />
    </CLASSES>
    <JAVADOC />
    <SOURCES />
  </library>
</component>